<?xml version="1.0" encoding="utf-8"?>
<testsuites name="KT.dll" tests="1" failures="1" time="23.655975">
  <testsuite name="KT.dll" tests="1" skipped="0" failures="1" errors="0" time="23.655975" timestamp="2020-03-31T 06:50:55Z" hostname="executor://nunit3testexecutor/">
    <testcase classname="KT.AmazonTest" name="AmazonSearcgh" file="C:\Users\mohammadv\source\repos\AzureDemoForFlux\KT\KT\bin\Debug\netcoreapp3.1\KT.dll" time="23.655975">
      <failure type="failure" message="System.Exception : System.Exception::: Unable to find the element in DOM::: no such element: Unable to locate element: {&quot;method&quot;:&quot;xpath&quot;,&quot;selector&quot;:&quot;//img[@alt='The Legend of Zelda: Breath of the Wild - Nintendo Switch']&quot;}&#xD;&#xA;  (Session info: chrome=80.0.3987.149) - Exception occurred while trying to find element using locator:By.XPath: //img[@alt='The Legend of Zelda: Breath of the Wild - Nintendo Switch'], with RetryCount:0 - Exception occurred in clicking element: By.XPath: //img[@alt='The Legend of Zelda: Breath of the Wild - Nintendo Switch']">   at Flux.Core.CustomExceptionHandler.CustomException(Exception e, String errorMessage, Boolean terminateTest)
   at Flux.Web.WebActions.Click(By locator)
   at KT.PageObject.AmazonHome.AmazonSearch(String text) in C:\Users\mohammadv\source\repos\AzureDemoForFlux\KT\KT\PageObject\AmazonHome.cs:line 42
   at KT.AmazonTest.AmazonSearcgh() in C:\Users\mohammadv\source\repos\AzureDemoForFlux\KT\KT\UnitTest2.cs:line 13
</failure>
    </testcase>
  </testsuite>
</testsuites>